0 info it worked if it ends with ok
1 verbose cli [ 'C:\\Program Files\\nodejs\\node.exe',
1 verbose cli   'C:\\Program Files\\nodejs\\node_modules\\npm\\bin\\npm-cli.js',
1 verbose cli   'install',
1 verbose cli   'sqlite' ]
2 info using npm@2.14.7
3 info using node@v4.2.1
4 verbose config Skipping project config: C:\Users\Jackson/.npmrc. (matches userconfig)
5 verbose install initial load of C:\Users\Jackson\package.json
6 verbose installManyTop reading scoped package data from C:\Users\Jackson\node_modules\angular\package.json
7 verbose installManyTop reading scoped package data from C:\Users\Jackson\node_modules\body-parser\package.json
8 verbose installManyTop reading scoped package data from C:\Users\Jackson\node_modules\express\package.json
9 verbose installManyTop reading scoped package data from C:\Users\Jackson\node_modules\mongojs\package.json
10 verbose installManyTop reading scoped package data from C:\Users\Jackson\node_modules\mysql\package.json
11 verbose installManyTop reading scoped package data from C:\Users\Jackson\node_modules\node\package.json
12 verbose installManyTop reading scoped package data from C:\Users\Jackson\node_modules\nodejs\package.json
13 info package.json node@0.0.0 No description
14 info package.json node@0.0.0 No repository field.
15 info package.json node@0.0.0 No license field.
16 info package.json nodejs@0.0.0 No description
17 info package.json nodejs@0.0.0 No repository field.
18 info package.json nodejs@0.0.0 No README data
19 verbose readDependencies loading dependencies from C:\Users\Jackson\package.json
20 silly cache add args [ 'sqlite', null ]
21 verbose cache add spec sqlite
22 silly cache add parsed spec Result {
22 silly cache add   raw: 'sqlite',
22 silly cache add   scope: null,
22 silly cache add   name: 'sqlite',
22 silly cache add   rawSpec: '',
22 silly cache add   spec: '*',
22 silly cache add   type: 'range' }
23 silly addNamed sqlite@*
24 verbose addNamed "*" is a valid semver range for sqlite
25 silly addNameRange { name: 'sqlite', range: '*', hasData: false }
26 silly mapToRegistry name sqlite
27 silly mapToRegistry using default registry
28 silly mapToRegistry registry https://registry.npmjs.org/
29 silly mapToRegistry uri https://registry.npmjs.org/sqlite
30 verbose addNameRange registry:https://registry.npmjs.org/sqlite not in flight; fetching
31 verbose request uri https://registry.npmjs.org/sqlite
32 verbose request no auth needed
33 info attempt registry request try #1 at 12:27:25 AM
34 verbose request id 50e936562fffc368
35 http request GET https://registry.npmjs.org/sqlite
36 http 404 https://registry.npmjs.org/sqlite
37 verbose headers { server: 'CouchDB/1.5.0 (Erlang OTP/R16B03)',
37 verbose headers   etag: '"EWN7W206VQ5EY1B35LEQ0J5B2"',
37 verbose headers   'content-type': 'application/json',
37 verbose headers   'cache-control': 'max-age=0',
37 verbose headers   'content-length': '480',
37 verbose headers   'accept-ranges': 'bytes',
37 verbose headers   date: 'Mon, 23 Nov 2015 05:27:25 GMT',
37 verbose headers   via: '1.1 varnish',
37 verbose headers   age: '0',
37 verbose headers   connection: 'keep-alive',
37 verbose headers   'x-served-by': 'cache-iad2130-IAD',
37 verbose headers   'x-cache': 'MISS',
37 verbose headers   'x-cache-hits': '0',
37 verbose headers   'x-timer': 'S1448256444.690203,VS0,VE343',
37 verbose headers   vary: 'Accept' }
38 silly get cb [ 404,
38 silly get   { server: 'CouchDB/1.5.0 (Erlang OTP/R16B03)',
38 silly get     etag: '"EWN7W206VQ5EY1B35LEQ0J5B2"',
38 silly get     'content-type': 'application/json',
38 silly get     'cache-control': 'max-age=0',
38 silly get     'content-length': '480',
38 silly get     'accept-ranges': 'bytes',
38 silly get     date: 'Mon, 23 Nov 2015 05:27:25 GMT',
38 silly get     via: '1.1 varnish',
38 silly get     age: '0',
38 silly get     connection: 'keep-alive',
38 silly get     'x-served-by': 'cache-iad2130-IAD',
38 silly get     'x-cache': 'MISS',
38 silly get     'x-cache-hits': '0',
38 silly get     'x-timer': 'S1448256444.690203,VS0,VE343',
38 silly get     vary: 'Accept' } ]
39 verbose stack Error: Registry returned 404 for GET on https://registry.npmjs.org/sqlite
39 verbose stack     at makeError (C:\Program Files\nodejs\node_modules\npm\node_modules\npm-registry-client\lib\request.js:264:12)
39 verbose stack     at CachingRegistryClient.<anonymous> (C:\Program Files\nodejs\node_modules\npm\node_modules\npm-registry-client\lib\request.js:242:14)
39 verbose stack     at Request._callback (C:\Program Files\nodejs\node_modules\npm\node_modules\npm-registry-client\lib\request.js:172:14)
39 verbose stack     at Request.self.callback (C:\Program Files\nodejs\node_modules\npm\node_modules\request\request.js:198:22)
39 verbose stack     at emitTwo (events.js:87:13)
39 verbose stack     at Request.emit (events.js:172:7)
39 verbose stack     at Request.<anonymous> (C:\Program Files\nodejs\node_modules\npm\node_modules\request\request.js:1063:14)
39 verbose stack     at emitOne (events.js:82:20)
39 verbose stack     at Request.emit (events.js:169:7)
39 verbose stack     at IncomingMessage.<anonymous> (C:\Program Files\nodejs\node_modules\npm\node_modules\request\request.js:1009:12)
40 verbose statusCode 404
41 verbose pkgid sqlite
42 verbose cwd C:\Users\Jackson\Google Drive\2015 Fall\CSC 212\Project\project
43 error Windows_NT 6.3.9600
44 error argv "C:\\Program Files\\nodejs\\node.exe" "C:\\Program Files\\nodejs\\node_modules\\npm\\bin\\npm-cli.js" "install" "sqlite"
45 error node v4.2.1
46 error npm  v2.14.7
47 error code E404
48 error 404 Registry returned 404 for GET on https://registry.npmjs.org/sqlite
48 error 404
48 error 404 'sqlite' is not in the npm registry.
48 error 404 You should bug the author to publish it (or use the name yourself!)
48 error 404
48 error 404 Note that you can also install from a
48 error 404 tarball, folder, http url, or git url.
49 verbose exit [ 1, true ]
